08 Mar 2025 17:01:35,708 INFO  org.example.CarsDBRepository 20 <init> - Initializing CarsDBRepository with properties: {jdbc.url=jdbc:sqlite:C:\Facultate\MPP\teme-lab-sergiurst1-1\Tema3\cars.db} 
08 Mar 2025 17:01:35,716 TRACE org.example.CarsDBRepository 59 add - Enter Adding Car Id=0 Tesla Model S 2019
08 Mar 2025 17:01:35,716 TRACE org.example.JdbcUtils 48 getConnection - Enter
08 Mar 2025 17:01:35,716 TRACE org.example.JdbcUtils 25 getNewConnection - Enter
08 Mar 2025 17:01:35,718 INFO  org.example.JdbcUtils 30 getNewConnection - trying to connect to database ... jdbc:sqlite:C:\Facultate\MPP\teme-lab-sergiurst1-1\Tema3\cars.db
08 Mar 2025 17:01:35,718 INFO  org.example.JdbcUtils 31 getNewConnection - user: null
08 Mar 2025 17:01:35,719 INFO  org.example.JdbcUtils 32 getNewConnection - pass: null
08 Mar 2025 17:01:35,954 TRACE org.example.JdbcUtils 57 getConnection - Exit with(org.sqlite.jdbc4.JDBC4Connection@2accdbb5)
08 Mar 2025 17:01:35,966 TRACE org.example.CarsDBRepository 68 add - Added Car 1
08 Mar 2025 17:01:35,967 TRACE org.example.CarsDBRepository 74 add - Exit
08 Mar 2025 17:01:35,968 TRACE org.example.CarsDBRepository 84 findAll - Enter Finding All Cars
08 Mar 2025 17:01:35,968 TRACE org.example.JdbcUtils 48 getConnection - Enter
08 Mar 2025 17:01:35,969 TRACE org.example.JdbcUtils 57 getConnection - Exit with(org.sqlite.jdbc4.JDBC4Connection@2accdbb5)
08 Mar 2025 17:01:35,973 TRACE org.example.CarsDBRepository 103 findAll - Exit
08 Mar 2025 17:01:35,973 TRACE org.example.CarsDBRepository 26 findByManufacturer - Enter Finding All Cars by Manufacturer Tesla
08 Mar 2025 17:01:35,973 TRACE org.example.JdbcUtils 48 getConnection - Enter
08 Mar 2025 17:01:35,974 TRACE org.example.JdbcUtils 57 getConnection - Exit with(org.sqlite.jdbc4.JDBC4Connection@2accdbb5)
08 Mar 2025 17:01:35,974 TRACE org.example.CarsDBRepository 46 findByManufacturer - Exit
08 Mar 2025 17:03:40,827 INFO  org.example.CarsDBRepository 20 <init> - Initializing CarsDBRepository with properties: {jdbc.url=jdbc:sqlite:C:\Facultate\MPP\teme-lab-sergiurst1-1\Tema3\cars.db} 
08 Mar 2025 17:03:40,836 TRACE org.example.CarsDBRepository 59 add - Enter Adding Car Id=0 Tesla Model S 2019
08 Mar 2025 17:03:40,836 TRACE org.example.JdbcUtils 48 getConnection - Enter
08 Mar 2025 17:03:40,836 TRACE org.example.JdbcUtils 25 getNewConnection - Enter
08 Mar 2025 17:03:40,836 INFO  org.example.JdbcUtils 30 getNewConnection - trying to connect to database ... jdbc:sqlite:C:\Facultate\MPP\teme-lab-sergiurst1-1\Tema3\cars.db
08 Mar 2025 17:03:40,838 INFO  org.example.JdbcUtils 31 getNewConnection - user: null
08 Mar 2025 17:03:40,838 INFO  org.example.JdbcUtils 32 getNewConnection - pass: null
08 Mar 2025 17:03:41,062 TRACE org.example.JdbcUtils 57 getConnection - Exit with(org.sqlite.jdbc4.JDBC4Connection@2accdbb5)
08 Mar 2025 17:03:41,074 TRACE org.example.CarsDBRepository 68 add - Added Car 1
08 Mar 2025 17:03:41,075 TRACE org.example.CarsDBRepository 74 add - Exit
08 Mar 2025 17:03:41,076 TRACE org.example.CarsDBRepository 84 findAll - Enter Finding All Cars
08 Mar 2025 17:03:41,076 TRACE org.example.JdbcUtils 48 getConnection - Enter
08 Mar 2025 17:03:41,076 TRACE org.example.JdbcUtils 57 getConnection - Exit with(org.sqlite.jdbc4.JDBC4Connection@2accdbb5)
08 Mar 2025 17:03:41,082 TRACE org.example.CarsDBRepository 103 findAll - Exit
08 Mar 2025 17:03:41,082 TRACE org.example.CarsDBRepository 26 findByManufacturer - Enter Finding All Cars by Manufacturer Tesla
08 Mar 2025 17:03:41,082 TRACE org.example.JdbcUtils 48 getConnection - Enter
08 Mar 2025 17:03:41,083 TRACE org.example.JdbcUtils 57 getConnection - Exit with(org.sqlite.jdbc4.JDBC4Connection@2accdbb5)
08 Mar 2025 17:03:41,083 TRACE org.example.CarsDBRepository 46 findByManufacturer - Exit
08 Mar 2025 17:05:00,551 INFO  org.example.CarsDBRepository 20 <init> - Initializing CarsDBRepository with properties: {jdbc.url=jdbc:sqlite:C:\Facultate\MPP\teme-lab-sergiurst1-1\Tema3\cars.db} 
08 Mar 2025 17:05:00,565 TRACE org.example.CarsDBRepository 59 add - Enter Adding Car Id=0 Tesla Model S 2019
08 Mar 2025 17:05:00,566 TRACE org.example.JdbcUtils 48 getConnection - Enter
08 Mar 2025 17:05:00,567 TRACE org.example.JdbcUtils 25 getNewConnection - Enter
08 Mar 2025 17:05:00,567 INFO  org.example.JdbcUtils 30 getNewConnection - trying to connect to database ... jdbc:sqlite:C:\Facultate\MPP\teme-lab-sergiurst1-1\Tema3\cars.db
08 Mar 2025 17:05:00,568 INFO  org.example.JdbcUtils 31 getNewConnection - user: null
08 Mar 2025 17:05:00,568 INFO  org.example.JdbcUtils 32 getNewConnection - pass: null
08 Mar 2025 17:05:00,789 TRACE org.example.JdbcUtils 57 getConnection - Exit with(org.sqlite.jdbc4.JDBC4Connection@2accdbb5)
08 Mar 2025 17:05:00,802 TRACE org.example.CarsDBRepository 68 add - Added Car 1
08 Mar 2025 17:05:00,802 TRACE org.example.CarsDBRepository 74 add - Exit
08 Mar 2025 17:05:00,803 TRACE org.example.CarsDBRepository 84 findAll - Enter Finding All Cars
08 Mar 2025 17:05:00,803 TRACE org.example.JdbcUtils 48 getConnection - Enter
08 Mar 2025 17:05:00,803 TRACE org.example.JdbcUtils 57 getConnection - Exit with(org.sqlite.jdbc4.JDBC4Connection@2accdbb5)
08 Mar 2025 17:05:00,808 TRACE org.example.CarsDBRepository 103 findAll - Exit
08 Mar 2025 17:05:00,810 TRACE org.example.CarsDBRepository 26 findByManufacturer - Enter Finding All Cars by Manufacturer Tesla
08 Mar 2025 17:05:00,810 TRACE org.example.JdbcUtils 48 getConnection - Enter
08 Mar 2025 17:05:00,810 TRACE org.example.JdbcUtils 57 getConnection - Exit with(org.sqlite.jdbc4.JDBC4Connection@2accdbb5)
08 Mar 2025 17:05:00,810 TRACE org.example.CarsDBRepository 46 findByManufacturer - Exit
08 Mar 2025 17:07:01,562 INFO  org.example.CarsDBRepository 20 <init> - Initializing CarsDBRepository with properties: {jdbc.url=jdbc:sqlite:C:\Facultate\MPP\teme-lab-sergiurst1-1\Tema3\cars.db} 
08 Mar 2025 17:07:01,573 TRACE org.example.CarsDBRepository 59 add - Enter Adding Car Id=0 Tesla Model S 2019
08 Mar 2025 17:07:01,573 TRACE org.example.JdbcUtils 48 getConnection - Enter
08 Mar 2025 17:07:01,573 TRACE org.example.JdbcUtils 25 getNewConnection - Enter
08 Mar 2025 17:07:01,573 INFO  org.example.JdbcUtils 30 getNewConnection - trying to connect to database ... jdbc:sqlite:C:\Facultate\MPP\teme-lab-sergiurst1-1\Tema3\cars.db
08 Mar 2025 17:07:01,574 INFO  org.example.JdbcUtils 31 getNewConnection - user: null
08 Mar 2025 17:07:01,574 INFO  org.example.JdbcUtils 32 getNewConnection - pass: null
08 Mar 2025 17:07:01,788 TRACE org.example.JdbcUtils 57 getConnection - Exit with(org.sqlite.jdbc4.JDBC4Connection@2accdbb5)
08 Mar 2025 17:07:01,799 TRACE org.example.CarsDBRepository 68 add - Added Car 1
08 Mar 2025 17:07:01,800 TRACE org.example.CarsDBRepository 74 add - Exit
08 Mar 2025 17:07:01,801 TRACE org.example.CarsDBRepository 84 findAll - Enter Finding All Cars
08 Mar 2025 17:07:01,801 TRACE org.example.JdbcUtils 48 getConnection - Enter
08 Mar 2025 17:07:01,801 TRACE org.example.JdbcUtils 57 getConnection - Exit with(org.sqlite.jdbc4.JDBC4Connection@2accdbb5)
08 Mar 2025 17:07:01,808 TRACE org.example.CarsDBRepository 103 findAll - Exit
08 Mar 2025 17:07:01,809 TRACE org.example.CarsDBRepository 26 findByManufacturer - Enter Finding All Cars by Manufacturer Tesla
08 Mar 2025 17:07:01,809 TRACE org.example.JdbcUtils 48 getConnection - Enter
08 Mar 2025 17:07:01,810 TRACE org.example.JdbcUtils 57 getConnection - Exit with(org.sqlite.jdbc4.JDBC4Connection@2accdbb5)
08 Mar 2025 17:07:01,810 TRACE org.example.CarsDBRepository 46 findByManufacturer - Exit
